<?xml version="1.0" encoding="UTF-8"?>
<testng-results skipped="0" failed="0" total="1" passed="1">
  <reporter-output>
  </reporter-output>
  <suite name="Default suite" duration-ms="5490" started-at="2019-03-12T12:54:12Z" finished-at="2019-03-12T12:54:18Z">
    <groups>
    </groups>
    <test name="Default test" duration-ms="5490" started-at="2019-03-12T12:54:12Z" finished-at="2019-03-12T12:54:18Z">
      <class name="packag.Test3">
        <test-method status="PASS" signature="seleniumTest()[pri:0, instance:packag.Test3@5f150435]" name="seleniumTest" duration-ms="5475" started-at="2019-03-12T18:24:12Z" finished-at="2019-03-12T18:24:18Z">
          <reporter-output>
          </reporter-output>
        </test-method> <!-- seleniumTest -->
      </class> <!-- packag.Test3 -->
    </test> <!-- Default test -->
  </suite> <!-- Default suite -->
</testng-results>
