<?xml version="1.0" encoding="UTF-8"?>
<testng-results skipped="0" failed="0" ignored="0" total="1" passed="1">
  <reporter-output>
  </reporter-output>
  <suite name="Default suite" duration-ms="19722" started-at="2019-04-16T07:16:04Z" finished-at="2019-04-16T07:16:23Z">
    <groups>
    </groups>
    <test name="Default test" duration-ms="19722" started-at="2019-04-16T07:16:04Z" finished-at="2019-04-16T07:16:23Z">
      <class name="com.test.Automation.orderplacingStuartWeitzman.LoginwithSW">
        <test-method status="PASS" signature="Pagelunch()[pri:0, instance:com.test.Automation.orderplacingStuartWeitzman.LoginwithSW@1e7c7811]" name="Pagelunch" is-config="true" duration-ms="16170" started-at="2019-04-16T07:16:04Z" finished-at="2019-04-16T07:16:20Z">
          <reporter-output>
          </reporter-output>
        </test-method> <!-- Pagelunch -->
        <test-method status="PASS" signature="Login()[pri:0, instance:com.test.Automation.orderplacingStuartWeitzman.LoginwithSW@1e7c7811]" name="Login" duration-ms="356" started-at="2019-04-16T07:16:20Z" finished-at="2019-04-16T07:16:20Z">
          <reporter-output>
          </reporter-output>
        </test-method> <!-- Login -->
        <test-method status="PASS" signature="PageClose()[pri:0, instance:com.test.Automation.orderplacingStuartWeitzman.LoginwithSW@1e7c7811]" name="PageClose" is-config="true" duration-ms="3176" started-at="2019-04-16T07:16:20Z" finished-at="2019-04-16T07:16:23Z">
          <reporter-output>
          </reporter-output>
        </test-method> <!-- PageClose -->
      </class> <!-- com.test.Automation.orderplacingStuartWeitzman.LoginwithSW -->
    </test> <!-- Default test -->
  </suite> <!-- Default suite -->
</testng-results>
