<?xml version="1.0" encoding="UTF-8"?>
<testsuite xmlns:xsi="http://www.w3.org/2001/XMLSchema-instance" xsi:noNamespaceSchemaLocation="https://maven.apache.org/surefire/maven-surefire-plugin/xsd/surefire-test-report.xsd" name="TestSuite" time="0.682" tests="2" errors="0" skipped="1" failures="1">
  <properties>
[...]
</properties>
  <testcase name="Pagelunch" classname="PLACING.OREDERS.IN.KATESPADE.OrderPlaceWithVISA" time="0.526">
    <failure message="The driver executable does not exist: D:\Automation Scripts\Selenium\OREDERS.IN.KATESPADE\‪‪D:\Automation Scripts\Selenium\OREDERS.IN.KATESPADE\drivers" type="java.lang.IllegalStateException">java.lang.IllegalStateException: The driver executable does not exist: D:\Automation Scripts\Selenium\OREDERS.IN.KATESPADE\‪‪D:\Automation Scripts\Selenium\OREDERS.IN.KATESPADE\drivers
	at PLACING.OREDERS.IN.KATESPADE.OrderPlaceWithVISA.Pagelunch(OrderPlaceWithVISA.java:25)
</failure>
  </testcase>
  <testcase name="guestUsrOrderplacewithVisa" classname="PLACING.OREDERS.IN.KATESPADE.OrderPlaceWithVISA" time="0">
    <skipped message="The driver executable does not exist: D:\Automation Scripts\Selenium\OREDERS.IN.KATESPADE\‪‪D:\Automation Scripts\Selenium\OREDERS.IN.KATESPADE\drivers"/>
  </testcase>
</testsuite>