<?xml version="1.0" encoding="UTF-8"?>
<testng-results skipped="0" failed="0" ignored="0" total="1" passed="1">
  <reporter-output>
  </reporter-output>
  <suite name="Default suite" duration-ms="9577" started-at="2019-04-15T12:33:41Z" finished-at="2019-04-15T12:33:50Z">
    <groups>
    </groups>
    <test name="Default test" duration-ms="9577" started-at="2019-04-15T12:33:41Z" finished-at="2019-04-15T12:33:50Z">
      <class name="com.test.automation.uiAutomation.VerifyLogin">
        <test-method status="PASS" signature="firstTest()[pri:0, instance:com.test.automation.uiAutomation.VerifyLogin@7c16905e]" name="firstTest" duration-ms="9554" started-at="2019-04-15T18:03:41Z" finished-at="2019-04-15T18:03:50Z">
          <reporter-output>
          </reporter-output>
        </test-method> <!-- firstTest -->
      </class> <!-- com.test.automation.uiAutomation.VerifyLogin -->
    </test> <!-- Default test -->
  </suite> <!-- Default suite -->
</testng-results>
