<?xml version="1.0" encoding="UTF-8"?>
<testng-results skipped="0" failed="0" total="1" passed="1">
  <reporter-output>
  </reporter-output>
  <suite name="Default suite" duration-ms="12978" started-at="2019-03-13T06:47:19Z" finished-at="2019-03-13T06:47:32Z">
    <groups>
    </groups>
    <test name="Default test" duration-ms="12978" started-at="2019-03-13T06:47:19Z" finished-at="2019-03-13T06:47:32Z">
      <class name="CH.sel.DSLR_Item">
        <test-method status="PASS" signature="Browseropen()[pri:0, instance:CH.sel.DSLR_Item@59a6e353]" name="Browseropen" is-config="true" duration-ms="6829" started-at="2019-03-13T12:17:19Z" finished-at="2019-03-13T12:17:26Z">
          <reporter-output>
          </reporter-output>
        </test-method> <!-- Browseropen -->
        <test-method status="PASS" signature="Item_Detail()[pri:0, instance:CH.sel.DSLR_Item@59a6e353]" name="Item_Detail" duration-ms="3037" started-at="2019-03-13T12:17:26Z" finished-at="2019-03-13T12:17:29Z">
          <reporter-output>
          </reporter-output>
        </test-method> <!-- Item_Detail -->
        <test-method status="PASS" signature="BrowClose()[pri:0, instance:CH.sel.DSLR_Item@59a6e353]" name="BrowClose" is-config="true" duration-ms="3094" started-at="2019-03-13T12:17:29Z" finished-at="2019-03-13T12:17:32Z">
          <reporter-output>
          </reporter-output>
        </test-method> <!-- BrowClose -->
      </class> <!-- CH.sel.DSLR_Item -->
    </test> <!-- Default test -->
  </suite> <!-- Default suite -->
</testng-results>
