<?xml version="1.0" encoding="UTF-8"?>
<testng-results skipped="0" failed="0" total="1" passed="1">
  <reporter-output>
  </reporter-output>
  <suite name="Suite1" duration-ms="14834" started-at="2019-03-12T13:27:27Z" finished-at="2019-03-12T13:27:42Z">
    <groups>
    </groups>
    <test name="testing" duration-ms="14834" started-at="2019-03-12T13:27:27Z" finished-at="2019-03-12T13:27:42Z">
      <class name="CH.sel.FlipcartEx1">
        <test-method status="PASS" signature="Browseropen()[pri:0, instance:CH.sel.FlipcartEx1@5a61f5df]" name="Browseropen" is-config="true" duration-ms="7358" started-at="2019-03-12T18:57:27Z" finished-at="2019-03-12T18:57:34Z">
          <reporter-output>
          </reporter-output>
        </test-method> <!-- Browseropen -->
        <test-method status="PASS" signature="Browser()[pri:0, instance:CH.sel.FlipcartEx1@5a61f5df]" name="Browser" duration-ms="2351" started-at="2019-03-12T18:57:34Z" finished-at="2019-03-12T18:57:36Z">
          <reporter-output>
          </reporter-output>
        </test-method> <!-- Browser -->
        <test-method status="PASS" signature="BrowClose()[pri:0, instance:CH.sel.FlipcartEx1@5a61f5df]" name="BrowClose" is-config="true" duration-ms="5107" started-at="2019-03-12T18:57:36Z" finished-at="2019-03-12T18:57:42Z">
          <reporter-output>
          </reporter-output>
        </test-method> <!-- BrowClose -->
      </class> <!-- CH.sel.FlipcartEx1 -->
    </test> <!-- testing -->
  </suite> <!-- Suite1 -->
</testng-results>
