<?xml version="1.0" encoding="UTF-8"?>
<!-- Generated by org.testng.reporters.JUnitXMLReporter -->
<testsuite hostname="DESKTOP-9ONQN37" ignored="0" name="OrderplacingwithVISA" tests="1" failures="0" timestamp="09 Apr 2019 07:11:24 GMT" time="67.079" errors="0">
  <testcase name="@BeforeClass Pagelunch" time="67.041" classname="com.test.automation.orderPlacinginKateSpade.OrderplacingwithVISA">
    <failure type="java.lang.NullPointerException">
      <![CDATA[java.lang.NullPointerException
at com.test.automation.orderPlacinginKateSpade.OrderplacingwithVISA.waiting(OrderplacingwithVISA.java:72)
at com.test.automation.orderPlacinginKateSpade.OrderplacingwithVISA.Pagelunch(OrderplacingwithVISA.java:29)
... Removed 30 stack frames]]>
    </failure>
  </testcase> <!-- @BeforeClass Pagelunch -->
  <testcase name="guestUsrOrderplacewithVisa" time="0.0" classname="com.test.automation.orderPlacinginKateSpade.OrderplacingwithVISA">
    <skipped/>
  </testcase> <!-- guestUsrOrderplacewithVisa -->
</testsuite> <!-- OrderplacingwithVISA -->
